Arguments: 
  C:\Program Files\nodejs\node.exe C:\Users\THANHNHA\AppData\Roaming\npm\node_modules\yarn\bin\yarn.js add -D eslint prettier eslint-config-prettier eslint-plugin-vue@next

PATH: 
  C:\Program Files (x86)\Microsoft SDKs\Azure\CLI2\wbin;C:\Windows\system32;C:\Windows;C:\Windows\System32\Wbem;C:\Windows\System32\WindowsPowerShell\v1.0\;C:\Windows\System32\OpenSSH\;C:\Program Files\nodejs\;C:\Program Files\Git\cmd;C:\xampp\php;C:\ProgramData\ComposerSetup\bin;C:\Program Files\Microsoft SQL Server\130\Tools\Binn\;C:\wamp64\bin\php\php7.4.9;;C:\Program Files\PuTTY\;C:\Program Files\Microsoft SQL Server\Client SDK\ODBC\170\Tools\Binn\;C:\Program Files (x86)\Microsoft SQL Server\150\Tools\Binn\;C:\Program Files\Microsoft SQL Server\150\Tools\Binn\;C:\Program Files\Microsoft SQL Server\150\DTS\Binn\;C:\Program Files\dotnet\;C:\Program Files (x86)\Microsoft SQL Server\150\DTS\Binn\;C:\Program Files\Azure Data Studio\bin;C:\Program Files\Docker\Docker\resources\bin;C:\ProgramData\DockerDesktop\version-bin;C:\xampp\php;C:\Users\THANHNHA\AppData\Local\Programs\Microsoft VS Code\bin;C:\Users\THANHNHA\AppData\Local\GitHubDesktop\bin;C:\Users\THANHNHA\AppData\Roaming\npm;C:\Users\THANHNHA\AppData\Roaming\Composer\vendor\bin;C:\Program Files\heroku\bin;C:\Users\THANHNHA\.dotnet\tools;C:\Program Files\Azure Data Studio\bin

Yarn version: 
  1.22.10

Node version: 
  14.15.0

Platform: 
  win32 x64

Trace: 
  Error: EPERM: operation not permitted, unlink 'F:\DiskD\My-wife\Vuejs\my-project\node_modules\esbuild\esbuild.exe'

npm manifest: 
  {
    "name": "my-project",
    "version": "0.0.0",
    "scripts": {
      "dev": "vite",
      "build": "vite build",
      "serve": "vite preview"
    },
    "dependencies": {
      "vue": "^3.0.5"
    },
    "devDependencies": {
      "@vitejs/plugin-vue": "^1.2.2",
      "@vue/compiler-sfc": "^3.0.5",
      "autoprefixer": "^10.2.5",
      "postcss": "^8.2.15",
      "tailwindcss": "^2.1.2",
      "vite": "^2.3.0"
    }
  }

yarn manifest: 
  No manifest

Lockfile: 
  No lockfile
